-------------------------------------------------------------------------------
Test set: BonusServiceTest
-------------------------------------------------------------------------------
Tests run: 8, Failures: 5, Errors: 0, Skipped: 0, Time elapsed: 0.043 s <<< FAILURE! - in BonusServiceTest
shouldCalculateNotRegisteredAndBonusUnderLimit  Time elapsed: 0.031 s  <<< FAILURE!
org.opentest4j.AssertionFailedError: expected: <30> but was: <10>
	at BonusServiceTest.shouldCalculateNotRegisteredAndBonusUnderLimit(BonusServiceTest.java:48)

shouldCalculateZeroAmountNotRegisteredAndBonusOverLimit  Time elapsed: 0 s  <<< FAILURE!
org.opentest4j.AssertionFailedError: expected: <500> but was: <0>
	at BonusServiceTest.shouldCalculateZeroAmountNotRegisteredAndBonusOverLimit(BonusServiceTest.java:78)

shouldCalculateZeroAmountNotRegisteredAndBonusUnderLimit  Time elapsed: 0.001 s  <<< FAILURE!
org.opentest4j.AssertionFailedError: expected: <30> but was: <0>
	at BonusServiceTest.shouldCalculateZeroAmountNotRegisteredAndBonusUnderLimit(BonusServiceTest.java:121)

shouldCalculateZeroAmountRegisteredAndBonusOverLimit  Time elapsed: 0.001 s  <<< FAILURE!
org.opentest4j.AssertionFailedError: expected: <500> but was: <0>
	at BonusServiceTest.shouldCalculateZeroAmountRegisteredAndBonusOverLimit(BonusServiceTest.java:93)

shouldCalculateZeroAmountRegisteredAndBonusUnderLimit  Time elapsed: 0 s  <<< FAILURE!
org.opentest4j.AssertionFailedError: expected: <30> but was: <0>
	at BonusServiceTest.shouldCalculateZeroAmountRegisteredAndBonusUnderLimit(BonusServiceTest.java:107)

