-------------------------------------------------------------------------------
Test set: BonusServiceTest
-------------------------------------------------------------------------------
Tests run: 4, Failures: 1, Errors: 0, Skipped: 0, Time elapsed: 0.041 s <<< FAILURE! - in BonusServiceTest
shouldCalculateNotRegisteredAndBonusUnderLimit  Time elapsed: 0.029 s  <<< FAILURE!
org.opentest4j.AssertionFailedError: expected: <30> but was: <500>
	at BonusServiceTest.shouldCalculateNotRegisteredAndBonusUnderLimit(BonusServiceTest.java:48)

