<?xml version="1.0" encoding="UTF-8"?>
<testsuite xmlns:xsi="http://www.w3.org/2001/XMLSchema-instance" xsi:noNamespaceSchemaLocation="https://maven.apache.org/surefire/maven-surefire-plugin/xsd/surefire-test-report.xsd" name="BonusServiceTest" time="0.041" tests="4" errors="0" skipped="0" failures="1">
  <properties>
[...]
</properties>
  <testcase name="shouldCalculateNotRegisteredAndBonusUnderLimit" classname="BonusServiceTest" time="0.029">
    <failure message="expected: &lt;30&gt; but was: &lt;500&gt;" type="org.opentest4j.AssertionFailedError"><![CDATA[org.opentest4j.AssertionFailedError: expected: <30> but was: <500>
	at BonusServiceTest.shouldCalculateNotRegisteredAndBonusUnderLimit(BonusServiceTest.java:48)
]]></failure>
  </testcase>
  <testcase name="shouldCalculateNotRegisteredAndBonusOverLimit" classname="BonusServiceTest" time="0.001"/>
  <testcase name="shouldCalculateRegisteredAndBonusUnderLimit" classname="BonusServiceTest" time="0.001"/>
  <testcase name="shouldCalculateRegisteredAndBonusOverLimit" classname="BonusServiceTest" time="0"/>
</testsuite>